%%%%%%%%%%%%%%%%%%%%%%%%%%%%%%%%%%%%%%%%%%%%%%%%%%%%%%%%%%%%%%%%%%%%%%%%%%%%%%%%
                          S u m m a r y   R e p o r t
%%%%%%%%%%%%%%%%%%%%%%%%%%%%%%%%%%%%%%%%%%%%%%%%%%%%%%%%%%%%%%%%%%%%%%%%%%%%%%%%

Compilation
-----------
File     : /fs3/d59/d59/s1361615/isc14/scc-hpcc/hpcc-1.4.3/hpl/lib/arch/build/../../../src/comm/HPL_bcast.c
Compiled : 2014-03-24  21:32:11
Compiler : Version 8.2.x.x
Ftnlx    : Version 8232 (libcif 82024)
Target   : x86-64
Command  : driver.cc -h cpu=ivybridge -h static -h network=aries
           -o ../../../src/comm/HPL_bcast.o -c ../../../src/comm/HPL_bcast.c
           -I ../../../include -I ../../../include/CrayX1 -D Add_
           -D StringSunStyle -D F77_INTEGER=int -O 2 -h list=m
           -D LONG_IS_64BITS -h restrict=a
           -ibase-compiler /opt/cray/cce/8.2.1/CC/x86-64/compiler_include_base
           -isystem /opt/cray/cce/8.2.1/craylibs/x86-64/include
           -I /opt/gcc/4.4.4/snos/lib/gcc/x86_64-suse-linux/4.4.4/include
           -I /opt/gcc/4.4.4/snos/lib/gcc/x86_64-suse-linux/4.4.4/include-fixed
           -L /opt/cray/cce/8.2.1/CC/x86-64/lib/x86-64
           -W l,-rpath=/opt/cray/cce/8.2.1/CC/x86-64/lib/x86-64
           -L /opt/gcc/4.4.4/snos/lib64 -W l,-rpath=/opt/gcc/4.4.4/snos/lib64
           -L /opt/cray/cce/8.2.1/craylibs/x86-64
           -W l,-rpath=/opt/cray/cce/8.2.1/craylibs/x86-64 -lcraymath
           -lquadmath -lcraymp
           -I /opt/cray/rca/1.0.0-2.0500.41336.1.120.ari/include
           -I /opt/cray/alps/5.0.3-2.0500.8095.1.1.ari/include
           -I /opt/cray/xpmem/0.1-2.0500.41356.1.11.ari/include
           -I /opt/cray/gni-headers/3.0-1.0500.7161.11.4.ari/include
           -I /opt/cray/dmapp/6.0.1-1.0500.7263.9.31.ari/include
           -I /opt/cray/pmi/4.0.1-1.0000.9753.86.2.ari/include
           -I /opt/cray/ugni/5.0-1.0500.0.3.306.ari/include
           -I /opt/cray/udreg/2.3.2-1.0500.6756.2.10.ari/include
           -I /opt/cray-hss-devel/7.0.0/include
           -I /opt/cray/krca/1.0.0-2.0500.41867.2.75.ari/include
           -L /opt/cray/rca/1.0.0-2.0500.41336.1.120.ari/lib64
           -L /opt/cray/alps/5.0.3-2.0500.8095.1.1.ari/lib64
           -L /opt/cray/xpmem/0.1-2.0500.41356.1.11.ari/lib64
           -L /opt/cray/dmapp/6.0.1-1.0500.7263.9.31.ari/lib64
           -L /opt/cray/pmi/4.0.1-1.0000.9753.86.2.ari/lib64
           -L /opt/cray/ugni/5.0-1.0500.0.3.306.ari/lib64
           -L /opt/cray/udreg/2.3.2-1.0500.6756.2.10.ari/lib64
           -I /opt/cray/mpt/6.1.1/gni/mpich2-cray/81/include
           -I /opt/cray/libsci/12.1.2/CRAY/81/sandybridge/include
           -I /opt/fftw/3.3.0.4/sandybridge/include
           -I /opt/cray/rca/1.0.0-2.0500.41336.1.120.ari/include
           -I /opt/cray/alps/5.0.3-2.0500.8095.1.1.ari/include
           -I /opt/cray/xpmem/0.1-2.0500.41356.1.11.ari/include
           -I /opt/cray/gni-headers/3.0-1.0500.7161.11.4.ari/include
           -I /opt/cray/dmapp/6.0.1-1.0500.7263.9.31.ari/include
           -I /opt/cray/pmi/4.0.1-1.0000.9753.86.2.ari/include
           -I /opt/cray/ugni/5.0-1.0500.0.3.306.ari/include
           -I /opt/cray/udreg/2.3.2-1.0500.6756.2.10.ari/include
           -I /opt/cray-hss-devel/7.0.0/include
           -I /opt/cray/krca/1.0.0-2.0500.41867.2.75.ari/include

clx report
------------
Source   : /fs3/d59/d59/s1361615/isc14/scc-hpcc/hpcc-1.4.3/hpl/lib/arch/build/../../../src/comm/HPL_bcast.c
Date     : 03/24/2014  21:32:12


%%%%%%%%%%%%%%%%%%%%%%%%%%%%%%%%%%%%%%%%%%%%%%%%%%%%%%%%%%%%%%%%%%%%%%%%%%%%%%%%
                          S o u r c e   L i s t i n g
%%%%%%%%%%%%%%%%%%%%%%%%%%%%%%%%%%%%%%%%%%%%%%%%%%%%%%%%%%%%%%%%%%%%%%%%%%%%%%%%


     %%%    L o o p m a r k   L e g e n d    %%%

     Primary Loop Type        Modifiers
     ------- ---- ----        ---------
     A - Pattern matched      a - atomic memory operation
                              b - blocked
     C - Collapsed            c - conditional and/or computed
     D - Deleted               
     E - Cloned               f - fused
     G - Accelerated          g - partitioned
     I - Inlined              i - interchanged
     M - Multithreaded        m - partitioned
                              n - non-blocking remote transfer
                              p - partial
                              r - unrolled
                              s - shortloop
     V - Vectorized           w - unwound

     + - More messages listed at end of listing
     ------------------------------------------


    1.     /* 
    2.      * -- High Performance Computing Linpack Benchmark (HPL)                
    3.      *    HPL - 2.0 - September 10, 2008                          
    4.      *    Antoine P. Petitet                                                
    5.      *    University of Tennessee, Knoxville                                
    6.      *    Innovative Computing Laboratory                                 
    7.      *    (C) Copyright 2000-2008 All Rights Reserved                       
    8.      *                                                                      
    9.      * -- Copyright notice and Licensing terms:                             
   10.      *                                                                      
   11.      * Redistribution  and  use in  source and binary forms, with or without
   12.      * modification, are  permitted provided  that the following  conditions
   13.      * are met:                                                             
   14.      *                                                                      
   15.      * 1. Redistributions  of  source  code  must retain the above copyright
   16.      * notice, this list of conditions and the following disclaimer.        
   17.      *                                                                      
   18.      * 2. Redistributions in binary form must reproduce  the above copyright
   19.      * notice, this list of conditions,  and the following disclaimer in the
   20.      * documentation and/or other materials provided with the distribution. 
   21.      *                                                                      
   22.      * 3. All  advertising  materials  mentioning  features  or  use of this
   23.      * software must display the following acknowledgement:                 
   24.      * This  product  includes  software  developed  at  the  University  of
   25.      * Tennessee, Knoxville, Innovative Computing Laboratory.             
   26.      *                                                                      
   27.      * 4. The name of the  University,  the name of the  Laboratory,  or the
   28.      * names  of  its  contributors  may  not  be used to endorse or promote
   29.      * products  derived   from   this  software  without  specific  written
   30.      * permission.                                                          
   31.      *                                                                      
   32.      * -- Disclaimer:                                                       
   33.      *                                                                      
   34.      * THIS  SOFTWARE  IS PROVIDED BY THE COPYRIGHT HOLDERS AND CONTRIBUTORS
   35.      * ``AS IS'' AND ANY EXPRESS OR IMPLIED WARRANTIES,  INCLUDING,  BUT NOT
   36.      * LIMITED TO, THE IMPLIED WARRANTIES OF MERCHANTABILITY AND FITNESS FOR
   37.      * A PARTICULAR PURPOSE ARE DISCLAIMED. IN NO EVENT SHALL THE UNIVERSITY
   38.      * OR  CONTRIBUTORS  BE  LIABLE FOR ANY  DIRECT,  INDIRECT,  INCIDENTAL,
   39.      * SPECIAL,  EXEMPLARY,  OR  CONSEQUENTIAL DAMAGES  (INCLUDING,  BUT NOT
   40.      * LIMITED TO, PROCUREMENT OF SUBSTITUTE GOODS OR SERVICES; LOSS OF USE,
   41.      * DATA OR PROFITS; OR BUSINESS INTERRUPTION)  HOWEVER CAUSED AND ON ANY
   42.      * THEORY OF LIABILITY, WHETHER IN CONTRACT,  STRICT LIABILITY,  OR TORT
   43.      * (INCLUDING NEGLIGENCE OR OTHERWISE) ARISING IN ANY WAY OUT OF THE USE
   44.      * OF THIS SOFTWARE, EVEN IF ADVISED OF THE POSSIBILITY OF SUCH DAMAGE. 
   45.      * ---------------------------------------------------------------------
   46.      */ 
   47.     /*
   48.      * Include files
   49.      */
   50.     #include "hpl.h"
   51.     
   52.     #ifdef HPL_STDC_HEADERS
   53.     int HPL_bcast
   54.     (
   55.        HPL_T_panel *                    PANEL,
   56.        int *                            IFLAG
   57.     )
   58.     #else
   59.     int HPL_bcast
   60.     ( PANEL, IFLAG )
   61.        HPL_T_panel *                    PANEL;
   62.        int *                            IFLAG;
   63.     #endif
   64.     {
   65.     /* 
   66.      * Purpose
   67.      * =======
   68.      *
   69.      * HPL_bcast broadcasts  the  current  panel.  Successful  completion is
   70.      * indicated by IFLAG set to HPL_SUCCESS on return. IFLAG will be set to
   71.      * HPL_FAILURE on failure and to HPL_KEEP_TESTING when the operation was
   72.      * not completed, in which case this function should be called again.
   73.      *
   74.      * Arguments
   75.      * =========
   76.      *
   77.      * PANEL   (input/output)                HPL_T_panel *
   78.      *         On entry,  PANEL  points to the  current panel data structure
   79.      *         being broadcast.
   80.      *
   81.      * IFLAG   (output)                      int *
   82.      *         On exit,  IFLAG  indicates  whether  or not the broadcast has
   83.      *         occured.
   84.      *
   85.      * ---------------------------------------------------------------------
   86.      */ 
   87.     /*
   88.      * .. Local Variables ..
   89.      */
   90.        int                        ierr;
   91.        HPL_T_TOP                  top;
   92.     /* ..
   93.      * .. Executable Statements ..
   94.      */
   95.        if( PANEL == NULL ) { *IFLAG = HPL_SUCCESS; return( HPL_SUCCESS ); }
   96.        if( PANEL->grid->npcol <= 1 )
   97.        {                     *IFLAG = HPL_SUCCESS; return( HPL_SUCCESS ); }
   98.     /*
   99.      * Retrieve the selected virtual broadcast topology
  100.      */
  101.        top = PANEL->algo->btopo;
  102.     
  103.        switch( top )
  104.        {
  105.  +        case HPL_1RING_M : ierr = HPL_bcast_1rinM( PANEL, IFLAG ); break;
  106.  +        case HPL_1RING   : ierr = HPL_bcast_1ring( PANEL, IFLAG ); break;
  107.  +        case HPL_2RING_M : ierr = HPL_bcast_2rinM( PANEL, IFLAG ); break;
  108.  +        case HPL_2RING   : ierr = HPL_bcast_2ring( PANEL, IFLAG ); break;
  109.  +        case HPL_BLONG_M : ierr = HPL_bcast_blonM( PANEL, IFLAG ); break;
  110.  +        case HPL_BLONG   : ierr = HPL_bcast_blong( PANEL, IFLAG ); break;
  111.           default          : ierr = HPL_SUCCESS;
  112.        }
  113.      
  114.        return( ierr );
  115.     /*
  116.      * End of HPL_bcast
  117.      */
  118.     }

CC-3021 CC: IPA File = HPL_bcast.c, Line = 105 
  "HPL_bcast_1rinM" (called from "HPL_bcast") was not inlined because the compiler was unable to locate the routine.

CC-3021 CC: IPA File = HPL_bcast.c, Line = 106 
  "HPL_bcast_1ring" (called from "HPL_bcast") was not inlined because the compiler was unable to locate the routine.

CC-3021 CC: IPA File = HPL_bcast.c, Line = 107 
  "HPL_bcast_2rinM" (called from "HPL_bcast") was not inlined because the compiler was unable to locate the routine.

CC-3021 CC: IPA File = HPL_bcast.c, Line = 108 
  "HPL_bcast_2ring" (called from "HPL_bcast") was not inlined because the compiler was unable to locate the routine.

CC-3021 CC: IPA File = HPL_bcast.c, Line = 109 
  "HPL_bcast_blonM" (called from "HPL_bcast") was not inlined because the compiler was unable to locate the routine.

CC-3021 CC: IPA File = HPL_bcast.c, Line = 110 
  "HPL_bcast_blong" (called from "HPL_bcast") was not inlined because the compiler was unable to locate the routine.


%%%%%%%%%%%%%%%%%%%%%%%%%%%%%%%%%%%%%%%%%%%%%%%%%%%%%%%%%%%%%%%%%%%%%%%%%%%%%%%%
%%%%%%%%%%%%%%%%%%%%%%%%%%%%%%%%%%%%%%%%%%%%%%%%%%%%%%%%%%%%%%%%%%%%%%%%%%%%%%%%
