%%%%%%%%%%%%%%%%%%%%%%%%%%%%%%%%%%%%%%%%%%%%%%%%%%%%%%%%%%%%%%%%%%%%%%%%%%%%%%%%
                          S u m m a r y   R e p o r t
%%%%%%%%%%%%%%%%%%%%%%%%%%%%%%%%%%%%%%%%%%%%%%%%%%%%%%%%%%%%%%%%%%%%%%%%%%%%%%%%

Compilation
-----------
File     : /fs3/d59/d59/s1361615/isc14/scc-hpcc/hpcc-1.4.3/hpl/lib/arch/build/../../../../FFT/onecpu.c
Compiled : 2014-03-24  21:35:19
Compiler : Version 8.2.x.x
Ftnlx    : Version 8232 (libcif 82024)
Target   : x86-64
Command  : driver.cc -h cpu=ivybridge -h static -h network=aries
           -o ../../../../FFT/onecpu.o -c ../../../../FFT/onecpu.c
           -I ../../../../include -I ../../../include
           -I ../../../include/CrayX1 -D Add_ -D StringSunStyle
           -D F77_INTEGER=int -O 2 -h list=m -D LONG_IS_64BITS -h restrict=a
           -ibase-compiler /opt/cray/cce/8.2.1/CC/x86-64/compiler_include_base
           -isystem /opt/cray/cce/8.2.1/craylibs/x86-64/include
           -I /opt/gcc/4.4.4/snos/lib/gcc/x86_64-suse-linux/4.4.4/include
           -I /opt/gcc/4.4.4/snos/lib/gcc/x86_64-suse-linux/4.4.4/include-fixed
           -L /opt/cray/cce/8.2.1/CC/x86-64/lib/x86-64
           -W l,-rpath=/opt/cray/cce/8.2.1/CC/x86-64/lib/x86-64
           -L /opt/gcc/4.4.4/snos/lib64 -W l,-rpath=/opt/gcc/4.4.4/snos/lib64
           -L /opt/cray/cce/8.2.1/craylibs/x86-64
           -W l,-rpath=/opt/cray/cce/8.2.1/craylibs/x86-64 -lcraymath
           -lquadmath -lcraymp
           -I /opt/cray/rca/1.0.0-2.0500.41336.1.120.ari/include
           -I /opt/cray/alps/5.0.3-2.0500.8095.1.1.ari/include
           -I /opt/cray/xpmem/0.1-2.0500.41356.1.11.ari/include
           -I /opt/cray/gni-headers/3.0-1.0500.7161.11.4.ari/include
           -I /opt/cray/dmapp/6.0.1-1.0500.7263.9.31.ari/include
           -I /opt/cray/pmi/4.0.1-1.0000.9753.86.2.ari/include
           -I /opt/cray/ugni/5.0-1.0500.0.3.306.ari/include
           -I /opt/cray/udreg/2.3.2-1.0500.6756.2.10.ari/include
           -I /opt/cray-hss-devel/7.0.0/include
           -I /opt/cray/krca/1.0.0-2.0500.41867.2.75.ari/include
           -L /opt/cray/rca/1.0.0-2.0500.41336.1.120.ari/lib64
           -L /opt/cray/alps/5.0.3-2.0500.8095.1.1.ari/lib64
           -L /opt/cray/xpmem/0.1-2.0500.41356.1.11.ari/lib64
           -L /opt/cray/dmapp/6.0.1-1.0500.7263.9.31.ari/lib64
           -L /opt/cray/pmi/4.0.1-1.0000.9753.86.2.ari/lib64
           -L /opt/cray/ugni/5.0-1.0500.0.3.306.ari/lib64
           -L /opt/cray/udreg/2.3.2-1.0500.6756.2.10.ari/lib64
           -I /opt/cray/mpt/6.1.1/gni/mpich2-cray/81/include
           -I /opt/cray/libsci/12.1.2/CRAY/81/sandybridge/include
           -I /opt/fftw/3.3.0.4/sandybridge/include
           -I /opt/cray/rca/1.0.0-2.0500.41336.1.120.ari/include
           -I /opt/cray/alps/5.0.3-2.0500.8095.1.1.ari/include
           -I /opt/cray/xpmem/0.1-2.0500.41356.1.11.ari/include
           -I /opt/cray/gni-headers/3.0-1.0500.7161.11.4.ari/include
           -I /opt/cray/dmapp/6.0.1-1.0500.7263.9.31.ari/include
           -I /opt/cray/pmi/4.0.1-1.0000.9753.86.2.ari/include
           -I /opt/cray/ugni/5.0-1.0500.0.3.306.ari/include
           -I /opt/cray/udreg/2.3.2-1.0500.6756.2.10.ari/include
           -I /opt/cray-hss-devel/7.0.0/include
           -I /opt/cray/krca/1.0.0-2.0500.41867.2.75.ari/include

clx report
------------
Source   : /fs3/d59/d59/s1361615/isc14/scc-hpcc/hpcc-1.4.3/hpl/lib/arch/build/../../../../FFT/onecpu.c
Date     : 03/24/2014  21:35:20


%%%%%%%%%%%%%%%%%%%%%%%%%%%%%%%%%%%%%%%%%%%%%%%%%%%%%%%%%%%%%%%%%%%%%%%%%%%%%%%%
                          S o u r c e   L i s t i n g
%%%%%%%%%%%%%%%%%%%%%%%%%%%%%%%%%%%%%%%%%%%%%%%%%%%%%%%%%%%%%%%%%%%%%%%%%%%%%%%%


     %%%    L o o p m a r k   L e g e n d    %%%

     Primary Loop Type        Modifiers
     ------- ---- ----        ---------
     A - Pattern matched      a - atomic memory operation
                              b - blocked
     C - Collapsed            c - conditional and/or computed
     D - Deleted               
     E - Cloned               f - fused
     G - Accelerated          g - partitioned
     I - Inlined              i - interchanged
     M - Multithreaded        m - partitioned
                              n - non-blocking remote transfer
                              p - partial
                              r - unrolled
                              s - shortloop
     V - Vectorized           w - unwound

     + - More messages listed at end of listing
     ------------------------------------------


    1.         /* -*- mode: C; tab-width: 2; indent-tabs-mode: nil; fill-column: 79; coding: iso-latin-1-unix -*- */
    2.         
    3.         #include <hpcc.h>
    4.         
    5.         int
    6.         HPCC_StarFFT(HPCC_Params *params) {
    7.           int commRank, commSize;
    8.           int rv, errCount, failure = 0, failureAll = 0;
    9.           double localGflops, minGflops, maxGflops, avgGflops;
   10.           int n;
   11.           FILE *outputFile;
   12.           MPI_Comm comm = MPI_COMM_WORLD;
   13.         
   14.           localGflops = minGflops = maxGflops = avgGflops = 0.0;
   15.         
   16.  +        MPI_Comm_size( comm, &commSize );
   17.  +        MPI_Comm_rank( comm, &commRank );
   18.         
   19.  +        rv = HPCC_TestFFT( params, 0 == commRank, &localGflops, &n, &failure );
   20.           params->FFT_N = n;
   21.         
   22.  +        MPI_Reduce( &rv, &errCount, 1, MPI_INT, MPI_SUM, 0, comm );
   23.  +        MPI_Allreduce( &failure, &failureAll, 1, MPI_INT, MPI_MAX, comm );
   24.           if (failureAll) params->Failure = 1;
   25.         
   26.  +        MPI_Reduce( &localGflops, &minGflops, 1, MPI_DOUBLE, MPI_MIN, 0, comm );
   27.  +        MPI_Reduce( &localGflops, &avgGflops, 1, MPI_DOUBLE, MPI_SUM, 0, comm );
   28.  +        MPI_Reduce( &localGflops, &maxGflops, 1, MPI_DOUBLE, MPI_MAX, 0, comm );
   29.           avgGflops /= commSize;
   30.         
   31.  +        MPI_Bcast( &avgGflops, 1, MPI_DOUBLE, 0, comm ); params->StarFFTGflops = avgGflops;
   32.         
   33.  +        BEGIN_IO( commRank, params->outFname, outputFile);
   34.  +        fprintf( outputFile, "Node(s) with error %d\n", errCount );
   35.  +        fprintf( outputFile, "Minimum Gflop/s %.6f\n", minGflops );
   36.  +        fprintf( outputFile, "Average Gflop/s %.6f\n", avgGflops );
   37.  +        fprintf( outputFile, "Maximum Gflop/s %.6f\n", maxGflops );
   38.  +        END_IO( commRank, outputFile );
   39.         
   40.           return 0;
   41.         }
   42.         
   43.         int
   44.         HPCC_SingleFFT(HPCC_Params *params) {
   45.           int commRank, commSize;
   46.           int rv, errCount, rank, failure = 0;
   47.           int n;
   48.           double localGflops;
   49.           double scl = 1.0 / RAND_MAX;
   50.           FILE *outputFile;
   51.           MPI_Comm comm = MPI_COMM_WORLD;
   52.         
   53.           localGflops = 0.0;
   54.         
   55.  +        MPI_Comm_size( comm, &commSize );
   56.  +        MPI_Comm_rank( comm, &commRank );
   57.         
   58.  +        srand(time(NULL));
   59.           scl *= commSize;
   60.         
   61.           /* select a node at random, but not node 0 (unless there is just one node) */
   62.           if (1 == commSize)
   63.             rank = 0;
   64.           else
   65.  + 1--<     for (rank = 0; ; rank = (int)(scl * rand())) {
   66.    1          if (rank > 0 && rank < commSize) break;
   67.    1-->     }
   68.         
   69.  +        MPI_Bcast( &rank, 1, MPI_INT, 0, comm ); /* broadcast the rank selected on node 0 */
   70.         
   71.           if (commRank == rank) /* if this node has been selected */
   72.  +          rv = HPCC_TestFFT( params, 0 == commRank, &localGflops, &n, &failure );
   73.         
   74.  +        MPI_Bcast( &rv, 1, MPI_INT, rank, comm ); /* broadcast error code */
   75.           errCount = rv;
   76.  +        MPI_Bcast( &failure, 1, MPI_INT, rank, comm ); /* broadcast failure indication */
   77.           if (failure) params->Failure = 1;
   78.         
   79.           /* broadcast results */
   80.  +        MPI_Bcast( &localGflops, 1, MPI_DOUBLE, rank, comm );
   81.           params->SingleFFTGflops = localGflops;
   82.         
   83.  +        BEGIN_IO( commRank, params->outFname, outputFile);
   84.  +        fprintf( outputFile, "Node(s) with error %d\n", errCount );
   85.  +        fprintf( outputFile, "Node selected %d\n", rank );
   86.  +        fprintf( outputFile, "Single FFT Gflop/s %.6f\n", localGflops );
   87.  +        END_IO( commRank, outputFile );
   88.         
   89.           return 0;
   90.         }

CC-3021 CC: IPA File = onecpu.c, Line = 16 
  "MPI_Comm_size" (called from "HPCC_StarFFT") was not inlined because the compiler was unable to locate the routine.

CC-3021 CC: IPA File = onecpu.c, Line = 17 
  "MPI_Comm_rank" (called from "HPCC_StarFFT") was not inlined because the compiler was unable to locate the routine.

CC-3021 CC: IPA File = onecpu.c, Line = 19 
  "HPCC_TestFFT" (called from "HPCC_StarFFT") was not inlined because the compiler was unable to locate the routine.

CC-3021 CC: IPA File = onecpu.c, Line = 22 
  "MPI_Reduce" (called from "HPCC_StarFFT") was not inlined because the compiler was unable to locate the routine.

CC-3021 CC: IPA File = onecpu.c, Line = 23 
  "MPI_Allreduce" (called from "HPCC_StarFFT") was not inlined because the compiler was unable to locate the routine.

CC-3021 CC: IPA File = onecpu.c, Line = 26 
  "MPI_Reduce" (called from "HPCC_StarFFT") was not inlined because the compiler was unable to locate the routine.

CC-3021 CC: IPA File = onecpu.c, Line = 27 
  "MPI_Reduce" (called from "HPCC_StarFFT") was not inlined because the compiler was unable to locate the routine.

CC-3021 CC: IPA File = onecpu.c, Line = 28 
  "MPI_Reduce" (called from "HPCC_StarFFT") was not inlined because the compiler was unable to locate the routine.

CC-3021 CC: IPA File = onecpu.c, Line = 31 
  "MPI_Bcast" (called from "HPCC_StarFFT") was not inlined because the compiler was unable to locate the routine.

CC-3021 CC: IPA File = onecpu.c, Line = 33 
  "fopen" (called from "HPCC_StarFFT") was not inlined because the compiler was unable to locate the routine.

CC-3021 CC: IPA File = onecpu.c, Line = 33 
  "fprintf" (called from "HPCC_StarFFT") was not inlined because the compiler was unable to locate the routine.

CC-3021 CC: IPA File = onecpu.c, Line = 34 
  "fprintf" (called from "HPCC_StarFFT") was not inlined because the compiler was unable to locate the routine.

CC-3021 CC: IPA File = onecpu.c, Line = 35 
  "fprintf" (called from "HPCC_StarFFT") was not inlined because the compiler was unable to locate the routine.

CC-3021 CC: IPA File = onecpu.c, Line = 36 
  "fprintf" (called from "HPCC_StarFFT") was not inlined because the compiler was unable to locate the routine.

CC-3021 CC: IPA File = onecpu.c, Line = 37 
  "fprintf" (called from "HPCC_StarFFT") was not inlined because the compiler was unable to locate the routine.

CC-3021 CC: IPA File = onecpu.c, Line = 38 
  "fflush" (called from "HPCC_StarFFT") was not inlined because the compiler was unable to locate the routine.

CC-3021 CC: IPA File = onecpu.c, Line = 38 
  "fclose" (called from "HPCC_StarFFT") was not inlined because the compiler was unable to locate the routine.

CC-3021 CC: IPA File = onecpu.c, Line = 55 
  "MPI_Comm_size" (called from "HPCC_SingleFFT") was not inlined because the compiler was unable to locate the routine.

CC-3021 CC: IPA File = onecpu.c, Line = 56 
  "MPI_Comm_rank" (called from "HPCC_SingleFFT") was not inlined because the compiler was unable to locate the routine.

CC-3021 CC: IPA File = onecpu.c, Line = 58 
  "time" (called from "HPCC_SingleFFT") was not inlined because the compiler was unable to locate the routine.

CC-3021 CC: IPA File = onecpu.c, Line = 58 
  "srand" (called from "HPCC_SingleFFT") was not inlined because the compiler was unable to locate the routine.

CC-6287 CC: VECTOR File = onecpu.c, Line = 65 
  A loop was not vectorized because it contains a call to function "rand" on line 65.

CC-3021 CC: IPA File = onecpu.c, Line = 65 
  "rand" (called from "HPCC_SingleFFT") was not inlined because the compiler was unable to locate the routine.

CC-3021 CC: IPA File = onecpu.c, Line = 69 
  "MPI_Bcast" (called from "HPCC_SingleFFT") was not inlined because the compiler was unable to locate the routine.

CC-3021 CC: IPA File = onecpu.c, Line = 72 
  "HPCC_TestFFT" (called from "HPCC_SingleFFT") was not inlined because the compiler was unable to locate the routine.

CC-3021 CC: IPA File = onecpu.c, Line = 74 
  "MPI_Bcast" (called from "HPCC_SingleFFT") was not inlined because the compiler was unable to locate the routine.

CC-3021 CC: IPA File = onecpu.c, Line = 76 
  "MPI_Bcast" (called from "HPCC_SingleFFT") was not inlined because the compiler was unable to locate the routine.

CC-3021 CC: IPA File = onecpu.c, Line = 80 
  "MPI_Bcast" (called from "HPCC_SingleFFT") was not inlined because the compiler was unable to locate the routine.

CC-3021 CC: IPA File = onecpu.c, Line = 83 
  "fopen" (called from "HPCC_SingleFFT") was not inlined because the compiler was unable to locate the routine.

CC-3021 CC: IPA File = onecpu.c, Line = 83 
  "fprintf" (called from "HPCC_SingleFFT") was not inlined because the compiler was unable to locate the routine.

CC-3021 CC: IPA File = onecpu.c, Line = 84 
  "fprintf" (called from "HPCC_SingleFFT") was not inlined because the compiler was unable to locate the routine.

CC-3021 CC: IPA File = onecpu.c, Line = 85 
  "fprintf" (called from "HPCC_SingleFFT") was not inlined because the compiler was unable to locate the routine.

CC-3021 CC: IPA File = onecpu.c, Line = 86 
  "fprintf" (called from "HPCC_SingleFFT") was not inlined because the compiler was unable to locate the routine.

CC-3021 CC: IPA File = onecpu.c, Line = 87 
  "fflush" (called from "HPCC_SingleFFT") was not inlined because the compiler was unable to locate the routine.

CC-3021 CC: IPA File = onecpu.c, Line = 87 
  "fclose" (called from "HPCC_SingleFFT") was not inlined because the compiler was unable to locate the routine.


%%%%%%%%%%%%%%%%%%%%%%%%%%%%%%%%%%%%%%%%%%%%%%%%%%%%%%%%%%%%%%%%%%%%%%%%%%%%%%%%
%%%%%%%%%%%%%%%%%%%%%%%%%%%%%%%%%%%%%%%%%%%%%%%%%%%%%%%%%%%%%%%%%%%%%%%%%%%%%%%%
